<?xml version="1.0" encoding="UTF-8"?>
<!-- Generated by org.testng.reporters.JUnitReportReporter -->
<testsuite name="com.myproject.tutorialTestCaseFolder.TC01_MyntraFunctionalityTest" tests="1" time="59.676" ignored="0" failures="0" timestamp="28 Aug 2019 09:38:31 GMT" skipped="0" hostname="egain1217" errors="0">
  <testcase name="testTC01_MyntraFunctionality" time="59.676" classname="com.myproject.tutorialTestCaseFolder.TC01_MyntraFunctionalityTest"/>
</testsuite> <!-- com.myproject.tutorialTestCaseFolder.TC01_MyntraFunctionalityTest -->
