<?xml version="1.0" encoding="UTF-8"?>
<!-- Generated by org.testng.reporters.JUnitReportReporter -->
<testsuite name="com.myproject.tutorialTestCaseFolder.TC01_LoginFunctionalityTest" tests="1" time="57.918" ignored="0" failures="0" timestamp="28 Aug 2019 09:13:17 GMT" skipped="0" hostname="egain1217" errors="0">
  <testcase name="testTC01_LoginFunctionality" time="57.918" classname="com.myproject.tutorialTestCaseFolder.TC01_LoginFunctionalityTest"/>
</testsuite> <!-- com.myproject.tutorialTestCaseFolder.TC01_LoginFunctionalityTest -->
